#! /c/Source/iverilog-install/bin/vvp
:ivl_version "12.0 (devel)" "(s20150603-1539-g2693dd32b)";
:ivl_delay_selection "TYPICAL";
:vpi_time_precision + 0;
:vpi_module "C:\iverilog\lib\ivl\system.vpi";
:vpi_module "C:\iverilog\lib\ivl\vhdl_sys.vpi";
:vpi_module "C:\iverilog\lib\ivl\vhdl_textio.vpi";
:vpi_module "C:\iverilog\lib\ivl\v2005_math.vpi";
:vpi_module "C:\iverilog\lib\ivl\va_math.vpi";
S_00000226465cc0f0 .scope module, "vincador_top" "vincador_top" 2 88;
 .timescale 0 0;
    .port_info 0 /INPUT 1 "CLOCK_50";
    .port_info 1 /OUTPUT 1 "X";
    .port_info 2 /OUTPUT 1 "Y";
    .port_info 3 /OUTPUT 1 "Z";
o00000226465cefd8 .functor BUFZ 1, C4<z>; HiZ drive
v00000226466182b0_0 .net "CLOCK_50", 0 0, o00000226465cefd8;  0 drivers
v00000226466179f0_0 .net "X", 0 0, L_0000022646577020;  1 drivers
v0000022646618670_0 .net "Y", 0 0, L_0000022646576cb0;  1 drivers
v0000022646618350_0 .net "Z", 0 0, L_00000226465c4630;  1 drivers
v0000022646618710_0 .net "clkTz", 0 0, L_00000226465ca680;  1 drivers
S_00000226465cc280 .scope module, "div1" "clockDivider1" 2 95, 2 8 0, S_00000226465cc0f0;
 .timescale 0 0;
    .port_info 0 /INPUT 1 "clki";
    .port_info 1 /OUTPUT 1 "clko";
P_00000226465b6e30 .param/l "DIV" 0 2 14, +C4<00000000000000000000000001100100>;
L_00000226465ca680 .functor BUFZ 1, v000002264657bf90_0, C4<0>, C4<0>, C4<0>;
v0000022646576ed0_0 .net "clki", 0 0, o00000226465cefd8;  alias, 0 drivers
v00000226465cc410_0 .net "clko", 0 0, L_00000226465ca680;  alias, 1 drivers
v00000226465cc4b0_0 .var "count", 11 0;
v000002264657bf90_0 .var "out", 0 0;
E_00000226465b6b30 .event posedge, v0000022646576ed0_0;
S_000002264657c030 .scope module, "xygen" "genXY" 2 101, 2 34 0, S_00000226465cc0f0;
 .timescale 0 0;
    .port_info 0 /INPUT 1 "clkTz";
    .port_info 1 /OUTPUT 1 "X";
    .port_info 2 /OUTPUT 1 "Y";
L_0000022646577020 .functor BUFZ 1, v00000226465766f0_0, C4<0>, C4<0>, C4<0>;
L_0000022646576cb0 .functor BUFZ 1, v0000022646576790_0, C4<0>, C4<0>, C4<0>;
v000002264657c1c0_0 .net "X", 0 0, L_0000022646577020;  alias, 1 drivers
v000002264657c260_0 .net "Y", 0 0, L_0000022646576cb0;  alias, 1 drivers
v000002264657c300_0 .net "clkTz", 0 0, L_00000226465ca680;  alias, 1 drivers
v0000022646576650_0 .var "count", 1 0;
v00000226465766f0_0 .var "outX", 0 0;
v0000022646576790_0 .var "outY", 0 0;
E_00000226465b7330 .event anyedge, v0000022646576650_0;
E_00000226465b67f0 .event posedge, v00000226465cc410_0;
S_0000022646576830 .scope module, "zgen" "genZ" 2 108, 2 60 0, S_00000226465cc0f0;
 .timescale 0 0;
    .port_info 0 /INPUT 1 "clkTz";
    .port_info 1 /OUTPUT 1 "Z";
L_00000226465c4630 .functor BUFZ 1, v00000226465c41c0_0, C4<0>, C4<0>, C4<0>;
v00000226465769c0_0 .net "Z", 0 0, L_00000226465c4630;  alias, 1 drivers
v00000226465c4080_0 .net "clkTz", 0 0, L_00000226465ca680;  alias, 1 drivers
v00000226465c4120_0 .var "i", 10 0;
v00000226465c41c0_0 .var "outZ", 0 0;
    .scope S_00000226465cc280;
T_0 ;
    %pushi/vec4 0, 0, 12;
    %store/vec4 v00000226465cc4b0_0, 0, 12;
    %pushi/vec4 0, 0, 1;
    %store/vec4 v000002264657bf90_0, 0, 1;
    %end;
    .thread T_0;
    .scope S_00000226465cc280;
T_1 ;
    %wait E_00000226465b6b30;
    %load/vec4 v00000226465cc4b0_0;
    %pad/u 32;
    %cmpi/e 100, 0, 32;
    %jmp/0xz  T_1.0, 4;
    %pushi/vec4 0, 0, 12;
    %assign/vec4 v00000226465cc4b0_0, 0;
    %load/vec4 v000002264657bf90_0;
    %inv;
    %assign/vec4 v000002264657bf90_0, 0;
    %jmp T_1.1;
T_1.0 ;
    %load/vec4 v00000226465cc4b0_0;
    %addi 1, 0, 12;
    %assign/vec4 v00000226465cc4b0_0, 0;
T_1.1 ;
    %jmp T_1;
    .thread T_1;
    .scope S_000002264657c030;
T_2 ;
    %pushi/vec4 0, 0, 1;
    %store/vec4 v00000226465766f0_0, 0, 1;
    %pushi/vec4 0, 0, 1;
    %store/vec4 v0000022646576790_0, 0, 1;
    %pushi/vec4 0, 0, 2;
    %store/vec4 v0000022646576650_0, 0, 2;
    %end;
    .thread T_2;
    .scope S_000002264657c030;
T_3 ;
    %wait E_00000226465b67f0;
    %load/vec4 v0000022646576650_0;
    %addi 1, 0, 2;
    %assign/vec4 v0000022646576650_0, 0;
    %jmp T_3;
    .thread T_3;
    .scope S_000002264657c030;
T_4 ;
    %wait E_00000226465b7330;
    %load/vec4 v0000022646576650_0;
    %dup/vec4;
    %pushi/vec4 0, 0, 2;
    %cmp/u;
    %jmp/1 T_4.0, 6;
    %dup/vec4;
    %pushi/vec4 1, 0, 2;
    %cmp/u;
    %jmp/1 T_4.1, 6;
    %dup/vec4;
    %pushi/vec4 2, 0, 2;
    %cmp/u;
    %jmp/1 T_4.2, 6;
    %dup/vec4;
    %pushi/vec4 3, 0, 2;
    %cmp/u;
    %jmp/1 T_4.3, 6;
    %jmp T_4.4;
T_4.0 ;
    %pushi/vec4 1, 0, 1;
    %assign/vec4 v00000226465766f0_0, 0;
    %pushi/vec4 0, 0, 1;
    %assign/vec4 v0000022646576790_0, 0;
    %jmp T_4.4;
T_4.1 ;
    %pushi/vec4 1, 0, 1;
    %assign/vec4 v00000226465766f0_0, 0;
    %pushi/vec4 1, 0, 1;
    %assign/vec4 v0000022646576790_0, 0;
    %jmp T_4.4;
T_4.2 ;
    %pushi/vec4 0, 0, 1;
    %assign/vec4 v00000226465766f0_0, 0;
    %pushi/vec4 1, 0, 1;
    %assign/vec4 v0000022646576790_0, 0;
    %jmp T_4.4;
T_4.3 ;
    %pushi/vec4 0, 0, 1;
    %assign/vec4 v00000226465766f0_0, 0;
    %pushi/vec4 0, 0, 1;
    %assign/vec4 v0000022646576790_0, 0;
    %jmp T_4.4;
T_4.4 ;
    %pop/vec4 1;
    %jmp T_4;
    .thread T_4, $push;
    .scope S_0000022646576830;
T_5 ;
    %pushi/vec4 0, 0, 1;
    %store/vec4 v00000226465c41c0_0, 0, 1;
    %pushi/vec4 0, 0, 11;
    %store/vec4 v00000226465c4120_0, 0, 11;
    %end;
    .thread T_5;
    .scope S_0000022646576830;
T_6 ;
    %wait E_00000226465b67f0;
    %load/vec4 v00000226465c4120_0;
    %pad/u 32;
    %cmpi/e 199, 0, 32;
    %jmp/0xz  T_6.0, 4;
    %pushi/vec4 0, 0, 11;
    %assign/vec4 v00000226465c4120_0, 0;
    %jmp T_6.1;
T_6.0 ;
    %load/vec4 v00000226465c4120_0;
    %addi 1, 0, 11;
    %assign/vec4 v00000226465c4120_0, 0;
T_6.1 ;
    %load/vec4 v00000226465c4120_0;
    %pad/u 32;
    %cmpi/u 5, 0, 32;
    %jmp/0xz  T_6.2, 5;
    %pushi/vec4 1, 0, 1;
    %assign/vec4 v00000226465c41c0_0, 0;
    %jmp T_6.3;
T_6.2 ;
    %pushi/vec4 0, 0, 1;
    %assign/vec4 v00000226465c41c0_0, 0;
T_6.3 ;
    %jmp T_6;
    .thread T_6;
# The file index is used to find the file name in the following table.
:file_names 3;
    "N/A";
    "<interactive>";
    ".\encoder.v";
