#! /c/Source/iverilog-install/bin/vvp
:ivl_version "12.0 (devel)" "(s20150603-1539-g2693dd32b)";
:ivl_delay_selection "TYPICAL";
:vpi_time_precision - 10;
:vpi_module "C:\iverilog\lib\ivl\system.vpi";
:vpi_module "C:\iverilog\lib\ivl\vhdl_sys.vpi";
:vpi_module "C:\iverilog\lib\ivl\vhdl_textio.vpi";
:vpi_module "C:\iverilog\lib\ivl\v2005_math.vpi";
:vpi_module "C:\iverilog\lib\ivl\va_math.vpi";
S_000002e77160a450 .scope module, "somador_tb" "somador_tb" 2 4;
 .timescale -9 -10;
v000002e7718d6f50_0 .var "a", 0 0;
v000002e7718d6370_0 .var "b", 0 0;
v000002e7718d69b0_0 .var "ci", 0 0;
v000002e7718d6d70_0 .net "co", 0 0, L_000002e77188c540;  1 drivers
v000002e7718d6690_0 .net "s", 0 0, L_000002e77188c230;  1 drivers
S_000002e771886030 .scope module, "UUT" "somador" 2 8, 3 1 0, S_000002e77160a450;
 .timescale 0 0;
    .port_info 0 /INPUT 1 "a";
    .port_info 1 /INPUT 1 "b";
    .port_info 2 /INPUT 1 "ci";
    .port_info 3 /OUTPUT 1 "s";
    .port_info 4 /OUTPUT 1 "co";
L_000002e77188c070 .functor XOR 1, v000002e7718d6f50_0, v000002e7718d6370_0, C4<0>, C4<0>;
L_000002e77188c230 .functor XOR 1, L_000002e77188c070, v000002e7718d69b0_0, C4<0>, C4<0>;
L_000002e77188c310 .functor AND 1, v000002e7718d6f50_0, v000002e7718d6370_0, C4<1>, C4<1>;
L_000002e77188c3f0 .functor AND 1, v000002e7718d6f50_0, v000002e7718d69b0_0, C4<1>, C4<1>;
L_000002e77188bf20 .functor OR 1, L_000002e77188c310, L_000002e77188c3f0, C4<0>, C4<0>;
L_000002e77188c460 .functor AND 1, v000002e7718d6370_0, v000002e7718d69b0_0, C4<1>, C4<1>;
L_000002e77188c540 .functor OR 1, L_000002e77188bf20, L_000002e77188c460, C4<0>, C4<0>;
v000002e77160bec0_0 .net *"_ivl_0", 0 0, L_000002e77188c070;  1 drivers
v000002e771606a60_0 .net *"_ivl_10", 0 0, L_000002e77188c460;  1 drivers
v000002e77160a290_0 .net *"_ivl_4", 0 0, L_000002e77188c310;  1 drivers
v000002e7718861c0_0 .net *"_ivl_6", 0 0, L_000002e77188c3f0;  1 drivers
v000002e771886260_0 .net *"_ivl_8", 0 0, L_000002e77188bf20;  1 drivers
v000002e771886300_0 .net "a", 0 0, v000002e7718d6f50_0;  1 drivers
v000002e7718863a0_0 .net "b", 0 0, v000002e7718d6370_0;  1 drivers
v000002e7718d6000_0 .net "ci", 0 0, v000002e7718d69b0_0;  1 drivers
v000002e7718d60a0_0 .net "co", 0 0, L_000002e77188c540;  alias, 1 drivers
v000002e7718d6140_0 .net "s", 0 0, L_000002e77188c230;  alias, 1 drivers
    .scope S_000002e77160a450;
T_0 ;
    %vpi_call 2 17 "$dumpfile", "somador_tb.vcd" {0 0 0};
    %vpi_call 2 18 "$dumpvars", 32'sb00000000000000000000000000000000, S_000002e77160a450 {0 0 0};
    %pushi/vec4 0, 0, 1;
    %store/vec4 v000002e7718d6f50_0, 0, 1;
    %pushi/vec4 0, 0, 1;
    %store/vec4 v000002e7718d6370_0, 0, 1;
    %pushi/vec4 0, 0, 1;
    %store/vec4 v000002e7718d69b0_0, 0, 1;
    %delay 100, 0;
    %load/vec4 v000002e7718d6690_0;
    %pad/u 32;
    %cmpi/ne 0, 0, 32;
    %jmp/1 T_0.2, 6;
    %flag_mov 8, 6;
    %load/vec4 v000002e7718d6d70_0;
    %pad/u 32;
    %cmpi/ne 0, 0, 32;
    %flag_or 6, 8;
T_0.2;
    %jmp/0xz  T_0.0, 6;
    %vpi_call 2 22 "$display", "Erro: Teste 1" {0 0 0};
T_0.0 ;
    %pushi/vec4 0, 0, 1;
    %store/vec4 v000002e7718d6f50_0, 0, 1;
    %pushi/vec4 0, 0, 1;
    %store/vec4 v000002e7718d6370_0, 0, 1;
    %pushi/vec4 1, 0, 1;
    %store/vec4 v000002e7718d69b0_0, 0, 1;
    %delay 100, 0;
    %load/vec4 v000002e7718d6690_0;
    %pad/u 32;
    %cmpi/ne 1, 0, 32;
    %jmp/1 T_0.5, 6;
    %flag_mov 8, 6;
    %load/vec4 v000002e7718d6d70_0;
    %pad/u 32;
    %cmpi/ne 0, 0, 32;
    %flag_or 6, 8;
T_0.5;
    %jmp/0xz  T_0.3, 6;
    %vpi_call 2 27 "$display", "Erro: Teste 2" {0 0 0};
T_0.3 ;
    %pushi/vec4 0, 0, 1;
    %store/vec4 v000002e7718d6f50_0, 0, 1;
    %pushi/vec4 1, 0, 1;
    %store/vec4 v000002e7718d6370_0, 0, 1;
    %pushi/vec4 0, 0, 1;
    %store/vec4 v000002e7718d69b0_0, 0, 1;
    %delay 100, 0;
    %load/vec4 v000002e7718d6690_0;
    %pad/u 32;
    %cmpi/ne 1, 0, 32;
    %jmp/1 T_0.8, 6;
    %flag_mov 8, 6;
    %load/vec4 v000002e7718d6d70_0;
    %pad/u 32;
    %cmpi/ne 0, 0, 32;
    %flag_or 6, 8;
T_0.8;
    %jmp/0xz  T_0.6, 6;
    %vpi_call 2 32 "$display", "Erro: Teste 3" {0 0 0};
T_0.6 ;
    %pushi/vec4 0, 0, 1;
    %store/vec4 v000002e7718d6f50_0, 0, 1;
    %pushi/vec4 1, 0, 1;
    %store/vec4 v000002e7718d6370_0, 0, 1;
    %pushi/vec4 1, 0, 1;
    %store/vec4 v000002e7718d69b0_0, 0, 1;
    %delay 100, 0;
    %load/vec4 v000002e7718d6690_0;
    %pad/u 32;
    %cmpi/ne 0, 0, 32;
    %jmp/1 T_0.11, 6;
    %flag_mov 8, 6;
    %load/vec4 v000002e7718d6d70_0;
    %pad/u 32;
    %cmpi/ne 1, 0, 32;
    %flag_or 6, 8;
T_0.11;
    %jmp/0xz  T_0.9, 6;
    %vpi_call 2 37 "$display", "Erro: Teste 4" {0 0 0};
T_0.9 ;
    %pushi/vec4 1, 0, 1;
    %store/vec4 v000002e7718d6f50_0, 0, 1;
    %pushi/vec4 0, 0, 1;
    %store/vec4 v000002e7718d6370_0, 0, 1;
    %pushi/vec4 0, 0, 1;
    %store/vec4 v000002e7718d69b0_0, 0, 1;
    %delay 100, 0;
    %load/vec4 v000002e7718d6690_0;
    %pad/u 32;
    %cmpi/ne 1, 0, 32;
    %jmp/1 T_0.14, 6;
    %flag_mov 8, 6;
    %load/vec4 v000002e7718d6d70_0;
    %pad/u 32;
    %cmpi/ne 0, 0, 32;
    %flag_or 6, 8;
T_0.14;
    %jmp/0xz  T_0.12, 6;
    %vpi_call 2 42 "$display", "Erro: Teste 5" {0 0 0};
T_0.12 ;
    %pushi/vec4 1, 0, 1;
    %store/vec4 v000002e7718d6f50_0, 0, 1;
    %pushi/vec4 0, 0, 1;
    %store/vec4 v000002e7718d6370_0, 0, 1;
    %pushi/vec4 1, 0, 1;
    %store/vec4 v000002e7718d69b0_0, 0, 1;
    %delay 100, 0;
    %load/vec4 v000002e7718d6690_0;
    %pad/u 32;
    %cmpi/ne 0, 0, 32;
    %jmp/1 T_0.17, 6;
    %flag_mov 8, 6;
    %load/vec4 v000002e7718d6d70_0;
    %pad/u 32;
    %cmpi/ne 1, 0, 32;
    %flag_or 6, 8;
T_0.17;
    %jmp/0xz  T_0.15, 6;
    %vpi_call 2 47 "$display", "Erro: Teste 6" {0 0 0};
T_0.15 ;
    %pushi/vec4 1, 0, 1;
    %store/vec4 v000002e7718d6f50_0, 0, 1;
    %pushi/vec4 1, 0, 1;
    %store/vec4 v000002e7718d6370_0, 0, 1;
    %pushi/vec4 0, 0, 1;
    %store/vec4 v000002e7718d69b0_0, 0, 1;
    %delay 100, 0;
    %load/vec4 v000002e7718d6690_0;
    %pad/u 32;
    %cmpi/ne 0, 0, 32;
    %jmp/1 T_0.20, 6;
    %flag_mov 8, 6;
    %load/vec4 v000002e7718d6d70_0;
    %pad/u 32;
    %cmpi/ne 1, 0, 32;
    %flag_or 6, 8;
T_0.20;
    %jmp/0xz  T_0.18, 6;
    %vpi_call 2 52 "$display", "Erro: Teste 7" {0 0 0};
T_0.18 ;
    %pushi/vec4 1, 0, 1;
    %store/vec4 v000002e7718d6f50_0, 0, 1;
    %pushi/vec4 1, 0, 1;
    %store/vec4 v000002e7718d6370_0, 0, 1;
    %pushi/vec4 1, 0, 1;
    %store/vec4 v000002e7718d69b0_0, 0, 1;
    %delay 100, 0;
    %load/vec4 v000002e7718d6690_0;
    %pad/u 32;
    %cmpi/ne 1, 0, 32;
    %jmp/1 T_0.23, 6;
    %flag_mov 8, 6;
    %load/vec4 v000002e7718d6d70_0;
    %pad/u 32;
    %cmpi/ne 1, 0, 32;
    %flag_or 6, 8;
T_0.23;
    %jmp/0xz  T_0.21, 6;
    %vpi_call 2 57 "$display", "Erro: Teste 8" {0 0 0};
T_0.21 ;
    %vpi_call 2 59 "$finish" {0 0 0};
    %end;
    .thread T_0;
# The file index is used to find the file name in the following table.
:file_names 4;
    "N/A";
    "<interactive>";
    ".\somador_tb.v";
    "./teste.v";
