#! /c/Source/iverilog-install/bin/vvp
:ivl_version "12.0 (devel)" "(s20150603-1539-g2693dd32b)";
:ivl_delay_selection "TYPICAL";
:vpi_time_precision + 0;
:vpi_module "C:\iverilog\lib\ivl\system.vpi";
:vpi_module "C:\iverilog\lib\ivl\vhdl_sys.vpi";
:vpi_module "C:\iverilog\lib\ivl\vhdl_textio.vpi";
:vpi_module "C:\iverilog\lib\ivl\v2005_math.vpi";
:vpi_module "C:\iverilog\lib\ivl\va_math.vpi";
S_0000022c1cb8a1a0 .scope module, "clockDivider1" "clockDivider1" 2 10;
 .timescale 0 0;
    .port_info 0 /INPUT 1 "clki";
    .port_info 1 /OUTPUT 1 "clko";
P_0000022c1ca06b60 .param/l "DIV" 0 2 17, +C4<00000000000000000000010010011010>;
L_0000022c1cb8bf30 .functor BUFZ 1, v0000022c1ca18220_0, C4<0>, C4<0>, C4<0>;
o0000022c1ca1cfd8 .functor BUFZ 1, C4<z>; HiZ drive
v0000022c1cb8a330_0 .net "clki", 0 0, o0000022c1ca1cfd8;  0 drivers
v0000022c1cb86ee0_0 .net "clko", 0 0, L_0000022c1cb8bf30;  1 drivers
v0000022c1ca18180_0 .var "count", 11 0;
v0000022c1ca18220_0 .var "out", 0 0;
E_0000022c1ca05ea0 .event posedge, v0000022c1cb8a330_0;
S_0000022c1ca17e60 .scope module, "genXY" "genXY" 2 38;
 .timescale 0 0;
    .port_info 0 /INPUT 1 "clkTz";
    .port_info 1 /OUTPUT 1 "X";
    .port_info 2 /OUTPUT 1 "Y";
L_0000022c1ca16c40 .functor BUFZ 1, v0000022c1cb868e0_0, C4<0>, C4<0>, C4<0>;
L_0000022c1cb87080 .functor BUFZ 1, v0000022c1cb86980_0, C4<0>, C4<0>, C4<0>;
v0000022c1cb86660_0 .net "X", 0 0, L_0000022c1ca16c40;  1 drivers
v0000022c1cb86700_0 .net "Y", 0 0, L_0000022c1cb87080;  1 drivers
o0000022c1ca1d158 .functor BUFZ 1, C4<z>; HiZ drive
v0000022c1cb867a0_0 .net "clkTz", 0 0, o0000022c1ca1d158;  0 drivers
v0000022c1cb86840_0 .var "count", 1 0;
v0000022c1cb868e0_0 .var "outX", 0 0;
v0000022c1cb86980_0 .var "outY", 0 0;
E_0000022c1ca066e0 .event anyedge, v0000022c1cb86840_0;
E_0000022c1ca05ee0 .event posedge, v0000022c1cb867a0_0;
S_0000022c1ca17ff0 .scope module, "genZ" "genZ" 2 59;
 .timescale 0 0;
    .port_info 0 /INPUT 1 "clkTz";
    .port_info 1 /OUTPUT 1 "Z";
L_0000022c1cb86cc0 .functor BUFZ 1, v0000022c1ca64700_0, C4<0>, C4<0>, C4<0>;
v0000022c1cb86a20_0 .net "Z", 0 0, L_0000022c1cb86cc0;  1 drivers
o0000022c1ca1d2d8 .functor BUFZ 1, C4<z>; HiZ drive
v0000022c1ca14640_0 .net "clkTz", 0 0, o0000022c1ca1d2d8;  0 drivers
v0000022c1ca146e0_0 .var "i", 10 0;
v0000022c1ca64700_0 .var "outZ", 0 0;
E_0000022c1ca06aa0 .event posedge, v0000022c1ca14640_0;
    .scope S_0000022c1cb8a1a0;
T_0 ;
    %wait E_0000022c1ca05ea0;
    %load/vec4 v0000022c1ca18180_0;
    %pad/u 32;
    %cmpi/e 1178, 0, 32;
    %jmp/0xz  T_0.0, 4;
    %pushi/vec4 0, 0, 12;
    %assign/vec4 v0000022c1ca18180_0, 0;
    %load/vec4 v0000022c1ca18220_0;
    %nor/r;
    %store/vec4 v0000022c1ca18220_0, 0, 1;
    %jmp T_0.1;
T_0.0 ;
    %load/vec4 v0000022c1ca18180_0;
    %addi 1, 0, 12;
    %assign/vec4 v0000022c1ca18180_0, 0;
T_0.1 ;
    %jmp T_0;
    .thread T_0;
    .scope S_0000022c1ca17e60;
T_1 ;
    %wait E_0000022c1ca05ee0;
    %load/vec4 v0000022c1cb86840_0;
    %addi 1, 0, 2;
    %assign/vec4 v0000022c1cb86840_0, 0;
    %jmp T_1;
    .thread T_1;
    .scope S_0000022c1ca17e60;
T_2 ;
    %wait E_0000022c1ca066e0;
    %load/vec4 v0000022c1cb86840_0;
    %dup/vec4;
    %pushi/vec4 0, 0, 2;
    %cmp/u;
    %jmp/1 T_2.0, 6;
    %dup/vec4;
    %pushi/vec4 1, 0, 2;
    %cmp/u;
    %jmp/1 T_2.1, 6;
    %dup/vec4;
    %pushi/vec4 2, 0, 2;
    %cmp/u;
    %jmp/1 T_2.2, 6;
    %dup/vec4;
    %pushi/vec4 3, 0, 2;
    %cmp/u;
    %jmp/1 T_2.3, 6;
    %jmp T_2.4;
T_2.0 ;
    %pushi/vec4 1, 0, 1;
    %assign/vec4 v0000022c1cb868e0_0, 0;
    %pushi/vec4 0, 0, 1;
    %assign/vec4 v0000022c1cb86980_0, 0;
    %jmp T_2.4;
T_2.1 ;
    %pushi/vec4 1, 0, 1;
    %assign/vec4 v0000022c1cb868e0_0, 0;
    %pushi/vec4 1, 0, 1;
    %assign/vec4 v0000022c1cb86980_0, 0;
    %jmp T_2.4;
T_2.2 ;
    %pushi/vec4 0, 0, 1;
    %assign/vec4 v0000022c1cb868e0_0, 0;
    %pushi/vec4 1, 0, 1;
    %assign/vec4 v0000022c1cb86980_0, 0;
    %jmp T_2.4;
T_2.3 ;
    %pushi/vec4 0, 0, 1;
    %assign/vec4 v0000022c1cb868e0_0, 0;
    %pushi/vec4 0, 0, 1;
    %assign/vec4 v0000022c1cb86980_0, 0;
    %jmp T_2.4;
T_2.4 ;
    %pop/vec4 1;
    %jmp T_2;
    .thread T_2, $push;
    .scope S_0000022c1ca17ff0;
T_3 ;
    %wait E_0000022c1ca06aa0;
    %load/vec4 v0000022c1ca146e0_0;
    %pad/u 32;
    %cmpi/e 1999, 0, 32;
    %jmp/0xz  T_3.0, 4;
    %pushi/vec4 0, 0, 11;
    %assign/vec4 v0000022c1ca146e0_0, 0;
    %pushi/vec4 1, 0, 1;
    %assign/vec4 v0000022c1ca64700_0, 0;
    %jmp T_3.1;
T_3.0 ;
    %load/vec4 v0000022c1ca146e0_0;
    %addi 1, 0, 11;
    %assign/vec4 v0000022c1ca146e0_0, 0;
    %pushi/vec4 0, 0, 1;
    %assign/vec4 v0000022c1ca64700_0, 0;
T_3.1 ;
    %jmp T_3;
    .thread T_3;
# The file index is used to find the file name in the following table.
:file_names 3;
    "N/A";
    "<interactive>";
    "modules.v";
